<?xml version="1.0" encoding="UTF-8"?>
<!-- Generated by org.testng.reporters.JUnitReportReporter -->
<testsuite hostname="DESKTOP-0KDP1L5" name="com.scp.practiceform.test.FormTest" tests="1" failures="0" timestamp="11 Nov 2017 07:36:33 GMT" time="65.823" errors="0">
  <testcase name="fillToolsQAPracticeForm" time="65.823" classname="com.scp.practiceform.test.FormTest"/>
</testsuite> <!-- com.scp.practiceform.test.FormTest -->
